\BOOKMARK [1][-]{section.1}{Introduction}{}% 1
\BOOKMARK [1][-]{section.2}{Summary}{}% 2
\BOOKMARK [2][-]{subsection.2.1}{Analyzing\040the\040Sample\040Correlation\040Coefficients}{section.2}% 3
\BOOKMARK [2][-]{subsection.2.2}{Scatter\040Plots}{section.2}% 4
\BOOKMARK [2][-]{subsection.2.3}{Five\040Number\040Summary}{section.2}% 5
\BOOKMARK [1][-]{section.3}{Data\040Preparation}{}% 6
\BOOKMARK [2][-]{subsection.3.1}{Boxplots}{section.3}% 7
\BOOKMARK [2][-]{subsection.3.2}{Remove\040Outliers}{section.3}% 8
\BOOKMARK [1][-]{section.4}{Model\040Fitting}{}% 9
\BOOKMARK [2][-]{subsection.4.1}{Model\040Selection}{section.4}% 10
\BOOKMARK [2][-]{subsection.4.2}{C.I.\040&\040H.T.\040for\040i}{section.4}% 11
\BOOKMARK [2][-]{subsection.4.3}{Partial\040R2}{section.4}% 12
\BOOKMARK [2][-]{subsection.4.4}{Add\040Interaction\040Terms}{section.4}% 13
\BOOKMARK [2][-]{subsection.4.5}{Final\040Model}{section.4}% 14
\BOOKMARK [1][-]{section.5}{Model\040Diagnostics}{}% 15
\BOOKMARK [2][-]{subsection.5.1}{ei\040Normality}{section.5}% 16
\BOOKMARK [3][-]{subsubsection.5.1.1}{QQ\040Plot}{subsection.5.1}% 17
\BOOKMARK [3][-]{subsubsection.5.1.2}{Shapiro-Wilk\040Normality\040Test}{subsection.5.1}% 18
\BOOKMARK [3][-]{subsubsection.5.1.3}{Conclusion}{subsection.5.1}% 19
\BOOKMARK [2][-]{subsection.5.2}{Constant\040Variance}{section.5}% 20
\BOOKMARK [3][-]{subsubsection.5.2.1}{ei\040v.s.\040\040Plot}{subsection.5.2}% 21
\BOOKMARK [3][-]{subsubsection.5.2.2}{Fligner-Killeen\040Test}{subsection.5.2}% 22
\BOOKMARK [3][-]{subsubsection.5.2.3}{Conclusion}{subsection.5.2}% 23
\BOOKMARK [2][-]{subsection.5.3}{Remove\040Outliers\040Again}{section.5}% 24
\BOOKMARK [2][-]{subsection.5.4}{Final\040model}{section.5}% 25
\BOOKMARK [1][-]{section.6}{Interpretation}{}% 26
\BOOKMARK [1][-]{section.7}{Prediction}{}% 27
\BOOKMARK [1][-]{section.8}{Conclusion}{}% 28
