\BOOKMARK [1][-]{section.1}{Task\0401:\040Logistic\040Regression}{}% 1
\BOOKMARK [2][-]{subsection.1.1}{Introduction}{section.1}% 2
\BOOKMARK [2][-]{subsection.1.2}{Model\040Fitting}{section.1}% 3
\BOOKMARK [2][-]{subsection.1.3}{CI\040&\040HT\040for\040i's}{section.1}% 4
\BOOKMARK [2][-]{subsection.1.4}{Model\040Selection}{section.1}% 5
\BOOKMARK [2][-]{subsection.1.5}{Model\040Diagnostics}{section.1}% 6
\BOOKMARK [3][-]{subsubsection.1.5.1}{Normality}{subsection.1.5}% 7
\BOOKMARK [3][-]{subsubsection.1.5.2}{ROC\040and\040AUC}{subsection.1.5}% 8
\BOOKMARK [2][-]{subsection.1.6}{Remove\040Outliers}{section.1}% 9
\BOOKMARK [2][-]{subsection.1.7}{Final\040Model}{section.1}% 10
\BOOKMARK [3][-]{subsubsection.1.7.1}{Error\040Matrix}{subsection.1.7}% 11
\BOOKMARK [3][-]{subsubsection.1.7.2}{Predictive\040Power}{subsection.1.7}% 12
\BOOKMARK [2][-]{subsection.1.8}{Interpretation}{section.1}% 13
\BOOKMARK [3][-]{subsubsection.1.8.1}{'s}{subsection.1.8}% 14
\BOOKMARK [3][-]{subsubsection.1.8.2}{CI's\040for\040's}{subsection.1.8}% 15
\BOOKMARK [2][-]{subsection.1.9}{Predict}{section.1}% 16
\BOOKMARK [2][-]{subsection.1.10}{Conclusion}{section.1}% 17
\BOOKMARK [1][-]{section.2}{Task\0402:\040ANOVA}{}% 18
\BOOKMARK [2][-]{subsection.2.1}{Introduction}{section.2}% 19
\BOOKMARK [2][-]{subsection.2.2}{Data\040Preparation}{section.2}% 20
\BOOKMARK [3][-]{subsubsection.2.2.1}{Summary\040Table}{subsection.2.2}% 21
\BOOKMARK [3][-]{subsubsection.2.2.2}{Visualizing\040the\040Data}{subsection.2.2}% 22
\BOOKMARK [2][-]{subsection.2.3}{Simple\040one-way\040ANOVA}{section.2}% 23
\BOOKMARK [3][-]{subsubsection.2.3.1}{F-test}{subsection.2.3}% 24
\BOOKMARK [3][-]{subsubsection.2.3.2}{ANOVA\040Table}{subsection.2.3}% 25
\BOOKMARK [2][-]{subsection.2.4}{Diagnostics\040for\040the\040model}{section.2}% 26
\BOOKMARK [3][-]{subsubsection.2.4.1}{Independence\040of\040Y}{subsection.2.4}% 27
\BOOKMARK [3][-]{subsubsection.2.4.2}{Normality\040of\040errors}{subsection.2.4}% 28
\BOOKMARK [3][-]{subsubsection.2.4.3}{Test\040for\040equal\040variance}{subsection.2.4}% 29
\BOOKMARK [2][-]{subsection.2.5}{Choose\040cutoff\040and\040remove\040outliers}{section.2}% 30
\BOOKMARK [2][-]{subsection.2.6}{Final\040Model\040and\040Predict}{section.2}% 31
\BOOKMARK [2][-]{subsection.2.7}{Conclusion}{section.2}% 32
